<?xml version="1.0" encoding="UTF-8"?>
<!-- Generated by org.testng.reporters.JUnitReportReporter -->
<testsuite skipped="0" hostname="AnkitJha-VAIO" name="annotationsLearn.Google" tests="2" failures="0" timestamp="2021-02-03T22:55:44 IST" time="32.071" errors="0">
  <testcase name="tc_1" time="15.240" classname="annotationsLearn.Google"/>
  <system-out/>
  <testcase name="tc_2" time="16.831" classname="annotationsLearn.Google"/>
  <system-out/>
</testsuite> <!-- annotationsLearn.Google -->
