<?xml version="1.0" encoding="UTF-8"?>
<!-- Generated by org.testng.reporters.JUnitReportReporter -->
<testsuite skipped="0" hostname="AnkitJha-VAIO" name="annotationsLearn.Demo_4" tests="7" failures="0" timestamp="2021-02-03T18:06:51 IST" time="0.041" errors="0">
  <testcase name="tc3" time="0.005" classname="annotationsLearn.Demo_4"/>
  <system-out>
3Hey....!  </system-out>
  <testcase name="tc5" time="0.002" classname="annotationsLearn.Demo_4"/>
  <system-out>
5Hey....!  </system-out>
  <testcase name="tc7" time="0.003" classname="annotationsLearn.Demo_4"/>
  <system-out>
7Hey....!  </system-out>
  <testcase name="tc2" time="0.002" classname="annotationsLearn.Demo_4"/>
  <system-out>
2Hey....!  </system-out>
  <testcase name="tc6" time="0.022" classname="annotationsLearn.Demo_4"/>
  <system-out>
6Hey....!  </system-out>
  <testcase name="tc4" time="0.004" classname="annotationsLearn.Demo_4"/>
  <system-out>
4Hey....!  </system-out>
  <testcase name="tc1" time="0.003" classname="annotationsLearn.Demo_4"/>
  <system-out>
1Hey....!  </system-out>
</testsuite> <!-- annotationsLearn.Demo_4 -->
