<?xml version="1.0" encoding="UTF-8"?>
<!-- Generated by org.testng.reporters.JUnitReportReporter -->
<testsuite skipped="0" hostname="AnkitJha-VAIO" name="dataProvider.DemoReadDataP" tests="3" failures="0" timestamp="2021-02-04T16:28:41 IST" time="0.020" errors="0">
  <testcase name="tc" time="0.003" classname="dataProvider.DemoReadDataP"/>
  <system-out>
Manager admin  </system-out>
  <testcase name="tc" time="0.003" classname="dataProvider.DemoReadDataP"/>
  <system-out>
Preeti pre  </system-out>
  <testcase name="tc" time="0.014" classname="dataProvider.DemoReadDataP"/>
  <system-out>
Admin Manager  </system-out>
</testsuite> <!-- dataProvider.DemoReadDataP -->
