<?xml version="1.0" encoding="UTF-8"?>
<!-- Generated by org.testng.reporters.JUnitReportReporter -->
<testsuite skipped="0" hostname="AnkitJha-VAIO" name="crossBrowser.DemoCross" tests="2" failures="0" timestamp="2021-02-05T16:46:52 IST" time="57.814" errors="0">
  <testcase name="TC_01" time="46.196" classname="crossBrowser.DemoCross"/>
  <system-out/>
  <testcase name="TC_01" time="11.618" classname="crossBrowser.DemoCross"/>
  <system-out/>
</testsuite> <!-- crossBrowser.DemoCross -->
