<?xml version="1.0" encoding="UTF-8"?>
<!-- Generated by org.testng.reporters.JUnitReportReporter -->
<testsuite skipped="0" hostname="AnkitJha-VAIO" name="unitTesting.Demo" tests="2" failures="0" timestamp="2021-02-02T17:33:38 IST" time="27.826" errors="0">
  <testcase name="tc_1" time="14.853" classname="unitTesting.Demo"/>
  <system-out/>
  <testcase name="tc_2" time="12.973" classname="unitTesting.Demo"/>
  <system-out/>
</testsuite> <!-- unitTesting.Demo -->
