<?xml version="1.0" encoding="UTF-8"?>
<!-- Generated by org.testng.reporters.JUnitReportReporter -->
<testsuite skipped="0" hostname="AnkitJha-VAIO" name="dataProvider.DemoDataProvider" tests="3" failures="0" timestamp="2021-02-04T16:03:11 IST" time="0.025" errors="0">
  <testcase name="tc" time="0.018" classname="dataProvider.DemoDataProvider"/>
  <system-out>
UserA A  </system-out>
  <testcase name="tc" time="0.004" classname="dataProvider.DemoDataProvider"/>
  <system-out>
UserB B  </system-out>
  <testcase name="tc" time="0.003" classname="dataProvider.DemoDataProvider"/>
  <system-out>
UserC C  </system-out>
</testsuite> <!-- dataProvider.DemoDataProvider -->
