<?xml version="1.0" encoding="UTF-8"?>
<!-- Generated by org.testng.reporters.JUnitReportReporter -->
<testsuite skipped="0" hostname="AnkitJha-VAIO" name="annotationsLearn.Demo_3" tests="3" failures="0" timestamp="2021-02-03T17:20:50 IST" time="0.049" errors="0">
  <testcase name="tc1" time="0.006" classname="annotationsLearn.Demo_3"/>
  <system-out>
1Hey....!  </system-out>
  <testcase name="tc3" time="0.039" classname="annotationsLearn.Demo_3"/>
  <system-out>
3Hey....!  </system-out>
  <testcase name="tc2" time="0.004" classname="annotationsLearn.Demo_3"/>
  <system-out>
2Hey....!  </system-out>
</testsuite> <!-- annotationsLearn.Demo_3 -->
