<?xml version="1.0" encoding="UTF-8"?>
<!-- Generated by org.testng.reporters.JUnitReportReporter -->
<testsuite skipped="0" hostname="AnkitJha-VAIO" name="unitTesting.Demo_3" tests="1" failures="0" timestamp="2021-02-03T16:36:39 IST" time="0.020" errors="0">
  <testcase name="tc" time="0.020" classname="unitTesting.Demo_3"/>
  <system-out>
Hey....!  </system-out>
</testsuite> <!-- unitTesting.Demo_3 -->
