<?xml version="1.0" encoding="UTF-8"?>
<!-- Generated by org.testng.reporters.JUnitReportReporter -->
<testsuite skipped="0" hostname="AnkitJha-VAIO" name="dataProvider.Parallel2" tests="1" failures="0" timestamp="2021-02-05T16:21:35 IST" time="16.820" errors="0">
  <testcase name="Tc1" time="16.820" classname="dataProvider.Parallel2"/>
  <system-out/>
</testsuite> <!-- dataProvider.Parallel2 -->
