<?xml version="1.0" encoding="UTF-8"?>
<!-- Generated by org.testng.reporters.JUnitReportReporter -->
<testsuite skipped="0" hostname="AnkitJha-VAIO" name="dataProvider.Parallel1" tests="2" failures="0" timestamp="2021-02-05T16:21:35 IST" time="33.664" errors="0">
  <testcase name="tc1" time="16.485" classname="dataProvider.Parallel1"/>
  <system-out/>
  <testcase name="tc2" time="17.179" classname="dataProvider.Parallel1"/>
  <system-out/>
</testsuite> <!-- dataProvider.Parallel1 -->
