<?xml version="1.0" encoding="UTF-8"?>
<!-- Generated by org.testng.reporters.JUnitReportReporter -->
<testsuite skipped="0" hostname="AnkitJha-VAIO" name="unitTesting.Demo_2" tests="2" failures="0" timestamp="2021-02-03T16:15:06 IST" time="0.016" errors="0">
  <testcase name="tc1" time="0.012" classname="unitTesting.Demo_2"/>
  <system-out/>
  <testcase name="tc2" time="0.004" classname="unitTesting.Demo_2"/>
  <system-out/>
</testsuite> <!-- unitTesting.Demo_2 -->
